[09-May-2024 16:52:12 UTC] PHP Warning:  Trying to access array offset on value of type bool in C:\Users\USER\Local Sites\coudac\app\public\wp-content\plugins\elementor\includes\managers\image.php on line 113
[09-May-2024 16:52:12 UTC] PHP Warning:  Trying to access array offset on value of type bool in C:\Users\USER\Local Sites\coudac\app\public\wp-content\plugins\elementor\includes\managers\image.php on line 113
[09-May-2024 16:52:12 UTC] PHP Warning:  Trying to access array offset on value of type bool in C:\Users\USER\Local Sites\coudac\app\public\wp-content\plugins\elementor\includes\managers\image.php on line 113
[09-May-2024 16:52:12 UTC] PHP Warning:  Trying to access array offset on value of type bool in C:\Users\USER\Local Sites\coudac\app\public\wp-content\plugins\elementor\includes\managers\image.php on line 113
[09-May-2024 16:52:12 UTC] PHP Warning:  Trying to access array offset on value of type bool in C:\Users\USER\Local Sites\coudac\app\public\wp-content\plugins\elementor\includes\managers\image.php on line 113
[09-May-2024 16:52:12 UTC] PHP Warning:  Trying to access array offset on value of type bool in C:\Users\USER\Local Sites\coudac\app\public\wp-content\plugins\elementor\includes\managers\image.php on line 113
[09-May-2024 16:52:12 UTC] PHP Warning:  Trying to access array offset on value of type bool in C:\Users\USER\Local Sites\coudac\app\public\wp-content\plugins\elementor\includes\managers\image.php on line 113
[09-May-2024 16:52:12 UTC] PHP Warning:  Trying to access array offset on value of type bool in C:\Users\USER\Local Sites\coudac\app\public\wp-content\plugins\elementor\includes\managers\image.php on line 113
[09-May-2024 20:00:50 UTC] PHP Warning:  Undefined array key "editor_post_id" in C:\Users\USER\Local Sites\coudac\app\public\wp-content\plugins\elementor-pro\modules\theme-builder\classes\conditions-manager.php on line 179
[09-May-2024 20:00:50 UTC] PHP Warning:  Undefined array key "editor_post_id" in C:\Users\USER\Local Sites\coudac\app\public\wp-content\plugins\elementor\modules\history\revisions-manager.php on line 363
[10-May-2024 02:42:02 UTC] PHP Fatal error:  Uncaught Error: Call to a member function update_meta() on null in C:\Users\USER\Local Sites\coudac\app\public\wp-content\plugins\elementor-pro\modules\theme-builder\classes\conditions-manager.php:312
Stack trace:
#0 C:\Users\USER\Local Sites\coudac\app\public\wp-content\plugins\elementor-pro\modules\theme-builder\classes\conditions-manager.php(185): ElementorPro\Modules\ThemeBuilder\Classes\Conditions_Manager->save_conditions(47, Array)
#1 [internal function]: ElementorPro\Modules\ThemeBuilder\Classes\Conditions_Manager->ajax_save_theme_template_conditions(Array, Object(Elementor\Core\Common\Modules\Ajax\Module))
#2 C:\Users\USER\Local Sites\coudac\app\public\wp-content\plugins\elementor\core\common\modules\ajax\module.php(176): call_user_func(Array, Array, Object(Elementor\Core\Common\Modules\Ajax\Module))
#3 C:\Users\USER\Local Sites\coudac\app\public\wp-includes\class-wp-hook.php(324): Elementor\Core\Common\Modules\Ajax\Module->handle_ajax_request('')
#4 C:\Users\USER\Local Sites\coudac\app\public\wp-includes\class-wp-hook.php(348): WP_Hook->apply_filters('', Array)
#5 C:\Users\USER\Local Sites\coudac\app\public\wp-includes\plugin.php(517): WP_Hook->do_action(Array)
#6 C:\Users\USER\Local Sites\coudac\app\public\wp-admin\admin-ajax.php(192): do_action('wp_ajax_element...')
#7 {main}
  thrown in C:\Users\USER\Local Sites\coudac\app\public\wp-content\plugins\elementor-pro\modules\theme-builder\classes\conditions-manager.php on line 312
[10-May-2024 10:14:40 UTC] PHP Warning:  Undefined array key "file" in C:\Users\USER\Local Sites\coudac\app\public\wp-includes\media.php on line 1734
[10-May-2024 10:15:43 UTC] PHP Warning:  Undefined array key "file" in C:\Users\USER\Local Sites\coudac\app\public\wp-includes\media.php on line 1734
[11-May-2024 17:35:51 UTC] PHP Warning:  Undefined array key "file" in C:\Users\USER\Local Sites\coudac\app\public\wp-includes\media.php on line 1734
[13-May-2024 23:05:09 UTC] PHP Warning:  Undefined array key "editor_post_id" in C:\Users\USER\Local Sites\coudac\app\public\wp-content\plugins\elementor\modules\history\revisions-manager.php on line 363
[13-May-2024 23:10:22 UTC] PHP Warning:  Undefined array key "editor_post_id" in C:\Users\USER\Local Sites\coudac\app\public\wp-content\plugins\elementor-pro\modules\theme-builder\classes\conditions-manager.php on line 179
[13-May-2024 23:10:22 UTC] PHP Warning:  Undefined array key "editor_post_id" in C:\Users\USER\Local Sites\coudac\app\public\wp-content\plugins\elementor\modules\history\revisions-manager.php on line 363
[16-May-2024 23:36:24 UTC] PHP Warning:  Undefined array key "file" in C:\Users\USER\Local Sites\coudac\app\public\wp-includes\media.php on line 1734
[16-May-2024 23:42:31 UTC] PHP Warning:  Undefined array key "file" in C:\Users\USER\Local Sites\coudac\app\public\wp-includes\media.php on line 1734
[16-May-2024 23:43:48 UTC] PHP Warning:  Undefined array key "file" in C:\Users\USER\Local Sites\coudac\app\public\wp-includes\media.php on line 1734
[17-May-2024 00:46:36 UTC] PHP Warning:  Undefined array key "file" in C:\Users\USER\Local Sites\coudac\app\public\wp-includes\media.php on line 1734
[17-May-2024 00:46:45 UTC] PHP Warning:  Undefined array key "file" in C:\Users\USER\Local Sites\coudac\app\public\wp-includes\media.php on line 1734
[17-May-2024 00:47:05 UTC] PHP Warning:  Undefined array key "file" in C:\Users\USER\Local Sites\coudac\app\public\wp-includes\media.php on line 1734
[17-May-2024 00:48:56 UTC] PHP Warning:  Undefined array key "file" in C:\Users\USER\Local Sites\coudac\app\public\wp-includes\media.php on line 1734
[17-May-2024 02:00:20 UTC] PHP Warning:  Undefined array key "file" in C:\Users\USER\Local Sites\coudac\app\public\wp-includes\media.php on line 1734
[17-May-2024 08:54:41 UTC] PHP Warning:  Undefined array key "file" in C:\Users\USER\Local Sites\coudac\app\public\wp-includes\media.php on line 1734
[17-May-2024 22:13:32 UTC] PHP Warning:  Undefined array key "file" in C:\Users\USER\Local Sites\coudac\app\public\wp-includes\media.php on line 1734
[20-May-2024 22:22:01 UTC] PHP Warning:  Undefined array key "file" in C:\Users\USER\Local Sites\coudac\app\public\wp-includes\media.php on line 1734
[20-May-2024 22:45:45 UTC] PHP Warning:  Undefined array key "file" in C:\Users\USER\Local Sites\coudac\app\public\wp-includes\media.php on line 1734
[23-May-2024 14:06:35 UTC] PHP Warning:  Undefined array key "file" in C:\Users\USER\Local Sites\coudac\app\public\wp-includes\media.php on line 1734
[24-May-2024 08:01:54 UTC] PHP Warning:  Undefined array key "file" in C:\Users\USER\Local Sites\coudac\app\public\wp-includes\media.php on line 1734
[04-Jun-2024 11:36:18 UTC] PHP Warning:  Undefined array key "file" in C:\Users\USER\Local Sites\coudac\app\public\wp-includes\media.php on line 1734
[05-Jun-2024 10:48:58 UTC] Erreur d’événement de replanification de tâche pour le crochet recovery_mode_clean_expired_keys. Code d’erreur : could_not_set. Message d’erreur : La liste des évènements planifiés n’a pas pu être sauvegardée.. Données : {"schedule":"daily","args":[],"interval":86400}
[05-Jun-2024 10:49:17 UTC] PHP Warning:  Undefined array key "file" in C:\Users\USER\Local Sites\coudac\app\public\wp-includes\media.php on line 1734
